[   95917ms] [ERROR] Refused to apply style from 'https://giscus.app/en/preferred' because its MIME type ('text/html') is not a supported stylesheet MIME type, and strict MIME checking is enabled. @ https://giscus.app/en/widget?origin=https%3A%2F%2Fnaees.github.io%2FNaeesWrites%2Fposts%2Fon-reading%2F&session=&theme=preferred&reactionsEnabled=1&emitMetadata=0&inputPosition=bottom&repo=Naees%2FNaeesWrites&repoId=R_kgDONaees&category=Blog+Comments&categoryId=DIC_kwDONaees&strict=0&description=How+reading+differently+can+make+you+write+better.&backLink=https%3A%2F%2Fnaees.github.io%2FNaeesWrites%2Fposts%2Fon-reading%2F&term=NaeesWrites%2Fposts%2Fon-reading%2F:0
[   95975ms] [ERROR] Refused to apply style from 'https://giscus.app/en/preferred' because its MIME type ('text/html') is not a supported stylesheet MIME type, and strict MIME checking is enabled. @ https://giscus.app/en/widget?origin=https%3A%2F%2Fnaees.github.io%2FNaeesWrites%2Fposts%2Fon-reading%2F&session=&theme=preferred&reactionsEnabled=1&emitMetadata=0&inputPosition=bottom&repo=Naees%2FNaeesWrites&repoId=R_kgDONaees&category=Blog+Comments&categoryId=DIC_kwDONaees&strict=0&description=How+reading+differently+can+make+you+write+better.&backLink=https%3A%2F%2Fnaees.github.io%2FNaeesWrites%2Fposts%2Fon-reading%2F&term=NaeesWrites%2Fposts%2Fon-reading%2F:0
[   96276ms] [ERROR] Failed to load resource: the server responded with a status of 403 () @ https://giscus.app/api/discussions?repo=Naees%2FNaeesWrites&term=NaeesWrites%2Fposts%2Fon-reading%2F&category=Blog+Comments&number=0&strict=false&first=15:0
[   96278ms] [ERROR] [giscus] An error occurred. Error message: "giscus is not installed on this repository". Please consider reporting this error at https://github.com/giscus/giscus/issues/new. @ https://giscus.app/client.js:6
[   96283ms] [ERROR] Failed to load resource: the server responded with a status of 403 () @ https://giscus.app/api/discussions?repo=Naees%2FNaeesWrites&term=NaeesWrites%2Fposts%2Fon-reading%2F&category=Blog+Comments&number=0&strict=false&last=15:0
[  179587ms] [ERROR] Failed to load resource: the server responded with a status of 403 () @ https://giscus.app/api/discussions?repo=Naees%2FNaeesWrites&term=NaeesWrites%2Fposts%2Fon-reading%2F&category=Blog+Comments&number=0&strict=false&last=15:0
[  179589ms] [ERROR] [giscus] An error occurred. Error message: "giscus is not installed on this repository". Please consider reporting this error at https://github.com/giscus/giscus/issues/new. @ https://giscus.app/client.js:6
[  179589ms] [ERROR] [giscus] An error occurred. Error message: "giscus is not installed on this repository". Please consider reporting this error at https://github.com/giscus/giscus/issues/new. @ https://giscus.app/client.js:6
[  179589ms] [ERROR] [giscus] An error occurred. Error message: "giscus is not installed on this repository". Please consider reporting this error at https://github.com/giscus/giscus/issues/new. @ https://giscus.app/client.js:6
[  179609ms] [ERROR] Failed to load resource: the server responded with a status of 403 () @ https://giscus.app/api/discussions?repo=Naees%2FNaeesWrites&term=NaeesWrites%2Fposts%2Fon-reading%2F&category=Blog+Comments&number=0&strict=false&first=15:0
[  179617ms] [ERROR] [giscus] An error occurred. Error message: "giscus is not installed on this repository". Please consider reporting this error at https://github.com/giscus/giscus/issues/new. @ https://giscus.app/client.js:6
[  179617ms] [ERROR] [giscus] An error occurred. Error message: "giscus is not installed on this repository". Please consider reporting this error at https://github.com/giscus/giscus/issues/new. @ https://giscus.app/client.js:6
[  179617ms] [ERROR] [giscus] An error occurred. Error message: "giscus is not installed on this repository". Please consider reporting this error at https://github.com/giscus/giscus/issues/new. @ https://giscus.app/client.js:6
[  179587ms] [ERROR] Failed to load resource: the server responded with a status of 403 () @ https://giscus.app/api/discussions?repo=Naees%2FNaeesWrites&term=NaeesWrites%2Fposts%2Fon-reading%2F&category=Blog+Comments&number=0&strict=false&last=15:0
[  179609ms] [ERROR] Failed to load resource: the server responded with a status of 403 () @ https://giscus.app/api/discussions?repo=Naees%2FNaeesWrites&term=NaeesWrites%2Fposts%2Fon-reading%2F&category=Blog+Comments&number=0&strict=false&first=15:0
[  286082ms] [ERROR] Failed to load resource: the server responded with a status of 403 () @ https://giscus.app/api/discussions?repo=Naees%2FNaeesWrites&term=NaeesWrites%2Fposts%2Fon-reading%2F&category=Blog+Comments&number=0&strict=false&last=15:0
[  286083ms] [ERROR] [giscus] An error occurred. Error message: "giscus is not installed on this repository". Please consider reporting this error at https://github.com/giscus/giscus/issues/new. @ https://giscus.app/client.js:6
[  286083ms] [ERROR] [giscus] An error occurred. Error message: "giscus is not installed on this repository". Please consider reporting this error at https://github.com/giscus/giscus/issues/new. @ https://giscus.app/client.js:6
[  286083ms] [ERROR] [giscus] An error occurred. Error message: "giscus is not installed on this repository". Please consider reporting this error at https://github.com/giscus/giscus/issues/new. @ https://giscus.app/client.js:6
[  286083ms] [ERROR] [giscus] An error occurred. Error message: "giscus is not installed on this repository". Please consider reporting this error at https://github.com/giscus/giscus/issues/new. @ https://giscus.app/client.js:6
[  286089ms] [ERROR] Failed to load resource: the server responded with a status of 403 () @ https://giscus.app/api/discussions?repo=Naees%2FNaeesWrites&term=NaeesWrites%2Fposts%2Fon-reading%2F&category=Blog+Comments&number=0&strict=false&first=15:0
[  286090ms] [ERROR] [giscus] An error occurred. Error message: "giscus is not installed on this repository". Please consider reporting this error at https://github.com/giscus/giscus/issues/new. @ https://giscus.app/client.js:6
[  286090ms] [ERROR] [giscus] An error occurred. Error message: "giscus is not installed on this repository". Please consider reporting this error at https://github.com/giscus/giscus/issues/new. @ https://giscus.app/client.js:6
[  286090ms] [ERROR] [giscus] An error occurred. Error message: "giscus is not installed on this repository". Please consider reporting this error at https://github.com/giscus/giscus/issues/new. @ https://giscus.app/client.js:6
[  286090ms] [ERROR] [giscus] An error occurred. Error message: "giscus is not installed on this repository". Please consider reporting this error at https://github.com/giscus/giscus/issues/new. @ https://giscus.app/client.js:6
